<?xml version="1.0" encoding="UTF-8"?>
<testsuite xmlns:xsi="http://www.w3.org/2001/XMLSchema-instance" xsi:noNamespaceSchemaLocation="https://maven.apache.org/surefire/maven-surefire-plugin/xsd/surefire-test-report-3.0.xsd" version="3.0" name="com.tracing.core.TraceLogTest" time="2.193" tests="18" errors="0" skipped="0" failures="0">
  <properties>
[...]
</properties>
  <testcase name="eventOutsideTrace_isNoOp" classname="com.tracing.core.TraceLogTest" time="0.002"/>
  <testcase name="timedEvent_customSeverity" classname="com.tracing.core.TraceLogTest" time="0.004"/>
  <testcase name="parentTraceId_isPreserved" classname="com.tracing.core.TraceLogTest" time="0.0"/>
  <testcase name="errorEvent_capturesException" classname="com.tracing.core.TraceLogTest" time="0.001"/>
  <testcase name="threadLocalCleanup_afterClear" classname="com.tracing.core.TraceLogTest" time="0.001"/>
  <testcase name="bufferConfig_rejectsInvalidValues" classname="com.tracing.core.TraceLogTest" time="0.001"/>
  <testcase name="exceptionInfo_truncatesLongStackTrace" classname="com.tracing.core.TraceLogTest" time="0.003"/>
  <testcase name="timedEvent_recordsDuration" classname="com.tracing.core.TraceLogTest" time="0.056"/>
  <testcase name="endTrace_emptyStack_returnsEmpty" classname="com.tracing.core.TraceLogTest" time="0.0"/>
  <testcase name="bufferManager_backpressureDropsTraces" classname="com.tracing.core.TraceLogTest" time="0.001">
    <system-err><![CDATA[[trace-log] Backpressure: dropping trace 01KM8EPA7QZJRWAB8JPVH5FGB3 (queue full at 3)
[trace-log] Backpressure: dropping trace 01KM8EPA7R1MYBBT3KBVS6BSMP (queue full at 3)
[trace-log] Backpressure: dropping trace 01KM8EPA7R35M1RNWPDPYEVAC8 (queue full at 3)
[trace-log] Backpressure: dropping trace 01KM8EPA7RNST2A1GFMYXS5A3W (queue full at 3)
[trace-log] Backpressure: dropping trace 01KM8EPA7R7A06768477GV0808 (queue full at 3)
[trace-log] Backpressure: dropping trace 01KM8EPA7RB8EY1MWXGEP2SVJJ (queue full at 3)
[trace-log] Backpressure: dropping trace 01KM8EPA7RF6KXJ4ATEDQRF5GG (queue full at 3)
]]></system-err>
  </testcase>
  <testcase name="traceLifecycle_createsAndCompletesTrace" classname="com.tracing.core.TraceLogTest" time="1.045"/>
  <testcase name="nestedManualTraces_useStack" classname="com.tracing.core.TraceLogTest" time="0.006"/>
  <testcase name="traceIdFormat_isUlid26Chars" classname="com.tracing.core.TraceLogTest" time="0.004"/>
  <testcase name="maxEventsPerTrace_caps" classname="com.tracing.core.TraceLogTest" time="0.003"/>
  <testcase name="maxEventsPerTrace_concurrent" classname="com.tracing.core.TraceLogTest" time="0.008"/>
  <testcase name="bufferManager_writeRetryOnFailure" classname="com.tracing.core.TraceLogTest" time="1.044"/>
  <testcase name="maxEventsPerTrace_exactBoundary" classname="com.tracing.core.TraceLogTest" time="0.003"/>
  <testcase name="bufferManager_shutdownDrainsQueue" classname="com.tracing.core.TraceLogTest" time="0.002"/>
</testsuite>